{
  "stats": {
    "suites": 1,
    "tests": 8,
    "passes": 0,
    "pending": 0,
    "failures": 8,
    "start": "2023-10-12T03:22:40.709Z",
    "end": "2023-10-12T03:22:45.465Z",
    "duration": 4756,
    "testsRegistered": 8,
    "passPercent": 0,
    "pendingPercent": 0,
    "other": 0,
    "hasOther": false,
    "skipped": 0,
    "hasSkipped": false
  },
  "results": [
    {
      "uuid": "22b62989-a03f-406e-ad0a-f9e7fbc6fc5a",
      "title": "",
      "fullFile": "cypress/e2e/ui-tests/cadastro.cy.js",
      "file": "cypress/e2e/ui-tests/cadastro.cy.js",
      "beforeHooks": [],
      "afterHooks": [],
      "tests": [],
      "suites": [
        {
          "uuid": "126fe01e-d852-4ebe-addf-572d9484f195",
          "title": "Cenario de Teste:  Testar a página de cadastro da aplicação MedVida",
          "fullFile": "",
          "file": "",
          "beforeHooks": [],
          "afterHooks": [],
          "tests": [
            {
              "title": "Cenario de Teste: Fazer o cadastro com dados válidos e ir para a página de login",
              "fullTitle": "Cenario de Teste:  Testar a página de cadastro da aplicação MedVida Cenario de Teste: Fazer o cadastro com dados válidos e ir para a página de login",
              "timedOut": null,
              "duration": 1485,
              "state": "failed",
              "speed": null,
              "pass": false,
              "fail": true,
              "pending": false,
              "context": "[\n  {\n    \"title\": \"cypress-mochawesome-reporter-videos-failed\",\n    \"value\": \"cypress/e2e/ui-tests/cadastro.cy.js\"\n  },\n  {\n    \"title\": \"cypress-mochawesome-reporter-screenshots\",\n    \"value\": [\n      [\n        \"/cadastro.cy.js/Cenario de Teste  Testar a página de cadastro da aplicação MedVida -- Cenario de Teste Fazer o cadastro com dados válidos e ir para a página de login (failed).png\"\n      ]\n    ]\n  }\n]",
              "code": "cadastrar('Marcela Dias', 'COREN', '123456', '123.456.789-10', 'HMAC', '35 98485-3455', 'Testando@1');\ncy.url().should('contain', '/');",
              "err": {
                "message": "CypressError: `cy.request()` failed on:\n\n/cadastro\n\nThe response we received from your web server was:\n\n  > 404: Not Found\n\nThis was considered a failure because the status code was not `2xx` or `3xx`.\n\nIf you do not want status codes to cause failures pass the option: `failOnStatusCode: false`\n\n-----------------------------------------------------------\n\nThe request we sent was:\n\nMethod: GET\nURL: /cadastro\nHeaders: {\n  \"Connection\": \"keep-alive\",\n  \"user-agent\": \"Mozilla/5.0 (Macintosh; Intel Mac OS X 10_15_7) AppleWebKit/537.36 (KHTML, like Gecko) Cypress/12.12.0 Chrome/106.0.5249.51 Electron/21.0.0 Safari/537.36\",\n  \"accept\": \"*/*\",\n  \"accept-encoding\": \"gzip, deflate\"\n}\n\n-----------------------------------------------------------\n\nThe response we got was:\n\nStatus: 404 - Not Found\nHeaders: {\n  \"connection\": \"keep-alive\",\n  \"content-length\": \"853\",\n  \"cache-control\": \"max-age=3600\",\n  \"content-encoding\": \"gzip\",\n  \"content-type\": \"text/html; charset=utf-8\",\n  \"etag\": \"\\\"daa499dd96d8229e73235345702ba32f0793f0c8e5c0d30e40e37a5872be57aa\\\"\",\n  \"last-modified\": \"Thu, 12 Oct 2023 03:00:51 GMT\",\n  \"strict-transport-security\": \"max-age=31556926; includeSubDomains; preload\",\n  \"accept-ranges\": \"bytes\",\n  \"date\": \"Thu, 12 Oct 2023 03:22:42 GMT\",\n  \"x-served-by\": \"cache-gig2250064-GIG\",\n  \"x-cache\": \"MISS\",\n  \"x-cache-hits\": \"0\",\n  \"x-timer\": \"S1697080961.499563,VS0,VE812\",\n  \"vary\": \"x-fh-requested-host, accept-encoding\",\n  \"alt-svc\": \"h3=\\\":443\\\";ma=86400,h3-29=\\\":443\\\";ma=86400,h3-27=\\\":443\\\";ma=86400\"\n}\nBody: <!DOCTYPE html>\n<html>\n  <head>\n    <meta charset=\"utf-8\">\n    <meta name=\"viewport\" content=\"width=device-width, initial-scale=1\">\n    <title>Page Not Found</title>\n\n    <style media=\"screen\">\n      body { background: #ECEFF1; color: rgba(0,0,0,0.87); font-family: Roboto, Helvetica, Arial, sans-serif; margin: 0; padding: 0; }\n      #message { background: white; max-width: 360px; margin: 100px auto 16px; padding: 32px 24px 16px; border-radius: 3px; }\n      #message h3 { color: #888; font-weight: normal; font-size: 16px; margin: 16px 0 12px; }\n      #message h2 { color: #ffa100; font-weight: bold; font-size: 16px; margin: 0 0 8px; }\n      #message h1 { font-size: 22px; font-weight: 300; color: rgba(0,0,0,0.6); margin: 0 0 16px;}\n      #message p { line-height: 140%; margin: 16px 0 24px; font-size: 14px; }\n      #message a { display: block; text-align: center; background: #039be5; text-transform: uppercase; text-decoration: none; color: white; padding: 16px; border-radius: 4px; }\n      #message, #message a { box-shadow: 0 1px 3px rgba(0,0,0,0.12), 0 1px 2px rgba(0,0,0,0.24); }\n      #load { color: rgba(0,0,0,0.4); text-align: center; font-size: 13px; }\n      @media (max-width: 600px) {\n        body, #message { margin-top: 0; background: white; box-shadow: none; }\n        body { border-top: 16px solid #ffa100; }\n      }\n    </style>\n  </head>\n  <body>\n    <div id=\"message\">\n      <h2>404</h2>\n      <h1>Page Not Found</h1>\n      <p>The specified file was not found on this website. Please check the URL for mistakes and try again.</p>\n      <h3>Why am I seeing this?</h3>\n      <p>This page was generated by the Firebase Command-Line Interface. To modify it, edit the <code>404.html</code> file in your project's configured <code>public</code> directory.</p>\n    </div>\n  </body>\n</html>\n\nhttps://on.cypress.io/request",
                "estack": "CypressError: `cy.request()` failed on:\n\n/cadastro\n\nThe response we received from your web server was:\n\n  > 404: Not Found\n\nThis was considered a failure because the status code was not `2xx` or `3xx`.\n\nIf you do not want status codes to cause failures pass the option: `failOnStatusCode: false`\n\n-----------------------------------------------------------\n\nThe request we sent was:\n\nMethod: GET\nURL: /cadastro\nHeaders: {\n  \"Connection\": \"keep-alive\",\n  \"user-agent\": \"Mozilla/5.0 (Macintosh; Intel Mac OS X 10_15_7) AppleWebKit/537.36 (KHTML, like Gecko) Cypress/12.12.0 Chrome/106.0.5249.51 Electron/21.0.0 Safari/537.36\",\n  \"accept\": \"*/*\",\n  \"accept-encoding\": \"gzip, deflate\"\n}\n\n-----------------------------------------------------------\n\nThe response we got was:\n\nStatus: 404 - Not Found\nHeaders: {\n  \"connection\": \"keep-alive\",\n  \"content-length\": \"853\",\n  \"cache-control\": \"max-age=3600\",\n  \"content-encoding\": \"gzip\",\n  \"content-type\": \"text/html; charset=utf-8\",\n  \"etag\": \"\\\"daa499dd96d8229e73235345702ba32f0793f0c8e5c0d30e40e37a5872be57aa\\\"\",\n  \"last-modified\": \"Thu, 12 Oct 2023 03:00:51 GMT\",\n  \"strict-transport-security\": \"max-age=31556926; includeSubDomains; preload\",\n  \"accept-ranges\": \"bytes\",\n  \"date\": \"Thu, 12 Oct 2023 03:22:42 GMT\",\n  \"x-served-by\": \"cache-gig2250064-GIG\",\n  \"x-cache\": \"MISS\",\n  \"x-cache-hits\": \"0\",\n  \"x-timer\": \"S1697080961.499563,VS0,VE812\",\n  \"vary\": \"x-fh-requested-host, accept-encoding\",\n  \"alt-svc\": \"h3=\\\":443\\\";ma=86400,h3-29=\\\":443\\\";ma=86400,h3-27=\\\":443\\\";ma=86400\"\n}\nBody: <!DOCTYPE html>\n<html>\n  <head>\n    <meta charset=\"utf-8\">\n    <meta name=\"viewport\" content=\"width=device-width, initial-scale=1\">\n    <title>Page Not Found</title>\n\n    <style media=\"screen\">\n      body { background: #ECEFF1; color: rgba(0,0,0,0.87); font-family: Roboto, Helvetica, Arial, sans-serif; margin: 0; padding: 0; }\n      #message { background: white; max-width: 360px; margin: 100px auto 16px; padding: 32px 24px 16px; border-radius: 3px; }\n      #message h3 { color: #888; font-weight: normal; font-size: 16px; margin: 16px 0 12px; }\n      #message h2 { color: #ffa100; font-weight: bold; font-size: 16px; margin: 0 0 8px; }\n      #message h1 { font-size: 22px; font-weight: 300; color: rgba(0,0,0,0.6); margin: 0 0 16px;}\n      #message p { line-height: 140%; margin: 16px 0 24px; font-size: 14px; }\n      #message a { display: block; text-align: center; background: #039be5; text-transform: uppercase; text-decoration: none; color: white; padding: 16px; border-radius: 4px; }\n      #message, #message a { box-shadow: 0 1px 3px rgba(0,0,0,0.12), 0 1px 2px rgba(0,0,0,0.24); }\n      #load { color: rgba(0,0,0,0.4); text-align: center; font-size: 13px; }\n      @media (max-width: 600px) {\n        body, #message { margin-top: 0; background: white; box-shadow: none; }\n        body { border-top: 16px solid #ffa100; }\n      }\n    </style>\n  </head>\n  <body>\n    <div id=\"message\">\n      <h2>404</h2>\n      <h1>Page Not Found</h1>\n      <p>The specified file was not found on this website. Please check the URL for mistakes and try again.</p>\n      <h3>Why am I seeing this?</h3>\n      <p>This page was generated by the Firebase Command-Line Interface. To modify it, edit the <code>404.html</code> file in your project's configured <code>public</code> directory.</p>\n    </div>\n  </body>\n</html>\n\nhttps://on.cypress.io/request\n    at <unknown> (http://localhost:55616/__cypress/runner/cypress_runner.js:149154:80)\n    at tryCatcher (http://localhost:55616/__cypress/runner/cypress_runner.js:18744:23)\n    at Promise._settlePromiseFromHandler (http://localhost:55616/__cypress/runner/cypress_runner.js:16679:31)\n    at Promise._settlePromise (http://localhost:55616/__cypress/runner/cypress_runner.js:16736:18)\n    at Promise._settlePromise0 (http://localhost:55616/__cypress/runner/cypress_runner.js:16781:10)\n    at Promise._settlePromises (http://localhost:55616/__cypress/runner/cypress_runner.js:16861:18)\n    at _drainQueueStep (http://localhost:55616/__cypress/runner/cypress_runner.js:13451:12)\n    at _drainQueue (http://localhost:55616/__cypress/runner/cypress_runner.js:13444:9)\n    at ../../node_modules/bluebird/js/release/async.js.Async._drainQueues (http://localhost:55616/__cypress/runner/cypress_runner.js:13460:5)\n    at Async.drainQueues (http://localhost:55616/__cypress/runner/cypress_runner.js:13330:14)\nFrom Your Spec Code:\n    at cadastrar (webpack:///./cypress/e2e/ui-tests/cadastro.cy.js:2:5)\n    at Context.eval (webpack:///./cypress/e2e/ui-tests/cadastro.cy.js:32:4)",
                "diff": null
              },
              "uuid": "aca2350e-b75e-4cae-be43-dbec4bd4ad51",
              "parentUUID": "126fe01e-d852-4ebe-addf-572d9484f195",
              "isHook": false,
              "skipped": false
            },
            {
              "title": "Cenario de Teste: Fazer o cadastro cpf em um formato diferente",
              "fullTitle": "Cenario de Teste:  Testar a página de cadastro da aplicação MedVida Cenario de Teste: Fazer o cadastro cpf em um formato diferente",
              "timedOut": null,
              "duration": 341,
              "state": "failed",
              "speed": null,
              "pass": false,
              "fail": true,
              "pending": false,
              "context": "[\n  {\n    \"title\": \"cypress-mochawesome-reporter-videos-failed\",\n    \"value\": \"cypress/e2e/ui-tests/cadastro.cy.js\"\n  },\n  {\n    \"title\": \"cypress-mochawesome-reporter-screenshots\",\n    \"value\": [\n      [\n        \"/cadastro.cy.js/Cenario de Teste  Testar a página de cadastro da aplicação MedVida -- Cenario de Teste Fazer o cadastro cpf em um formato diferente (failed).png\"\n      ]\n    ]\n  }\n]",
              "code": "cadastrar('Marcela Dias', 'COREN', '123456', '12345678910', 'HMAC', '35 98485-3455', 'Testando@1');\ncy.url().should('contain', '/');",
              "err": {
                "message": "CypressError: `cy.request()` failed on:\n\n/cadastro\n\nThe response we received from your web server was:\n\n  > 404: Not Found\n\nThis was considered a failure because the status code was not `2xx` or `3xx`.\n\nIf you do not want status codes to cause failures pass the option: `failOnStatusCode: false`\n\n-----------------------------------------------------------\n\nThe request we sent was:\n\nMethod: GET\nURL: /cadastro\nHeaders: {\n  \"Connection\": \"keep-alive\",\n  \"user-agent\": \"Mozilla/5.0 (Macintosh; Intel Mac OS X 10_15_7) AppleWebKit/537.36 (KHTML, like Gecko) Cypress/12.12.0 Chrome/106.0.5249.51 Electron/21.0.0 Safari/537.36\",\n  \"accept\": \"*/*\",\n  \"accept-encoding\": \"gzip, deflate\"\n}\n\n-----------------------------------------------------------\n\nThe response we got was:\n\nStatus: 404 - Not Found\nHeaders: {\n  \"connection\": \"keep-alive\",\n  \"content-length\": \"853\",\n  \"cache-control\": \"max-age=3600\",\n  \"content-encoding\": \"gzip\",\n  \"content-type\": \"text/html; charset=utf-8\",\n  \"etag\": \"\\\"daa499dd96d8229e73235345702ba32f0793f0c8e5c0d30e40e37a5872be57aa\\\"\",\n  \"last-modified\": \"Thu, 12 Oct 2023 03:00:51 GMT\",\n  \"strict-transport-security\": \"max-age=31556926; includeSubDomains; preload\",\n  \"accept-ranges\": \"bytes\",\n  \"date\": \"Thu, 12 Oct 2023 03:22:43 GMT\",\n  \"x-served-by\": \"cache-gig2250064-GIG\",\n  \"x-cache\": \"HIT\",\n  \"x-cache-hits\": \"1\",\n  \"x-timer\": \"S1697080963.021194,VS0,VE0\",\n  \"vary\": \"x-fh-requested-host, accept-encoding\",\n  \"alt-svc\": \"h3=\\\":443\\\";ma=86400,h3-29=\\\":443\\\";ma=86400,h3-27=\\\":443\\\";ma=86400\"\n}\nBody: <!DOCTYPE html>\n<html>\n  <head>\n    <meta charset=\"utf-8\">\n    <meta name=\"viewport\" content=\"width=device-width, initial-scale=1\">\n    <title>Page Not Found</title>\n\n    <style media=\"screen\">\n      body { background: #ECEFF1; color: rgba(0,0,0,0.87); font-family: Roboto, Helvetica, Arial, sans-serif; margin: 0; padding: 0; }\n      #message { background: white; max-width: 360px; margin: 100px auto 16px; padding: 32px 24px 16px; border-radius: 3px; }\n      #message h3 { color: #888; font-weight: normal; font-size: 16px; margin: 16px 0 12px; }\n      #message h2 { color: #ffa100; font-weight: bold; font-size: 16px; margin: 0 0 8px; }\n      #message h1 { font-size: 22px; font-weight: 300; color: rgba(0,0,0,0.6); margin: 0 0 16px;}\n      #message p { line-height: 140%; margin: 16px 0 24px; font-size: 14px; }\n      #message a { display: block; text-align: center; background: #039be5; text-transform: uppercase; text-decoration: none; color: white; padding: 16px; border-radius: 4px; }\n      #message, #message a { box-shadow: 0 1px 3px rgba(0,0,0,0.12), 0 1px 2px rgba(0,0,0,0.24); }\n      #load { color: rgba(0,0,0,0.4); text-align: center; font-size: 13px; }\n      @media (max-width: 600px) {\n        body, #message { margin-top: 0; background: white; box-shadow: none; }\n        body { border-top: 16px solid #ffa100; }\n      }\n    </style>\n  </head>\n  <body>\n    <div id=\"message\">\n      <h2>404</h2>\n      <h1>Page Not Found</h1>\n      <p>The specified file was not found on this website. Please check the URL for mistakes and try again.</p>\n      <h3>Why am I seeing this?</h3>\n      <p>This page was generated by the Firebase Command-Line Interface. To modify it, edit the <code>404.html</code> file in your project's configured <code>public</code> directory.</p>\n    </div>\n  </body>\n</html>\n\nhttps://on.cypress.io/request",
                "estack": "CypressError: `cy.request()` failed on:\n\n/cadastro\n\nThe response we received from your web server was:\n\n  > 404: Not Found\n\nThis was considered a failure because the status code was not `2xx` or `3xx`.\n\nIf you do not want status codes to cause failures pass the option: `failOnStatusCode: false`\n\n-----------------------------------------------------------\n\nThe request we sent was:\n\nMethod: GET\nURL: /cadastro\nHeaders: {\n  \"Connection\": \"keep-alive\",\n  \"user-agent\": \"Mozilla/5.0 (Macintosh; Intel Mac OS X 10_15_7) AppleWebKit/537.36 (KHTML, like Gecko) Cypress/12.12.0 Chrome/106.0.5249.51 Electron/21.0.0 Safari/537.36\",\n  \"accept\": \"*/*\",\n  \"accept-encoding\": \"gzip, deflate\"\n}\n\n-----------------------------------------------------------\n\nThe response we got was:\n\nStatus: 404 - Not Found\nHeaders: {\n  \"connection\": \"keep-alive\",\n  \"content-length\": \"853\",\n  \"cache-control\": \"max-age=3600\",\n  \"content-encoding\": \"gzip\",\n  \"content-type\": \"text/html; charset=utf-8\",\n  \"etag\": \"\\\"daa499dd96d8229e73235345702ba32f0793f0c8e5c0d30e40e37a5872be57aa\\\"\",\n  \"last-modified\": \"Thu, 12 Oct 2023 03:00:51 GMT\",\n  \"strict-transport-security\": \"max-age=31556926; includeSubDomains; preload\",\n  \"accept-ranges\": \"bytes\",\n  \"date\": \"Thu, 12 Oct 2023 03:22:43 GMT\",\n  \"x-served-by\": \"cache-gig2250064-GIG\",\n  \"x-cache\": \"HIT\",\n  \"x-cache-hits\": \"1\",\n  \"x-timer\": \"S1697080963.021194,VS0,VE0\",\n  \"vary\": \"x-fh-requested-host, accept-encoding\",\n  \"alt-svc\": \"h3=\\\":443\\\";ma=86400,h3-29=\\\":443\\\";ma=86400,h3-27=\\\":443\\\";ma=86400\"\n}\nBody: <!DOCTYPE html>\n<html>\n  <head>\n    <meta charset=\"utf-8\">\n    <meta name=\"viewport\" content=\"width=device-width, initial-scale=1\">\n    <title>Page Not Found</title>\n\n    <style media=\"screen\">\n      body { background: #ECEFF1; color: rgba(0,0,0,0.87); font-family: Roboto, Helvetica, Arial, sans-serif; margin: 0; padding: 0; }\n      #message { background: white; max-width: 360px; margin: 100px auto 16px; padding: 32px 24px 16px; border-radius: 3px; }\n      #message h3 { color: #888; font-weight: normal; font-size: 16px; margin: 16px 0 12px; }\n      #message h2 { color: #ffa100; font-weight: bold; font-size: 16px; margin: 0 0 8px; }\n      #message h1 { font-size: 22px; font-weight: 300; color: rgba(0,0,0,0.6); margin: 0 0 16px;}\n      #message p { line-height: 140%; margin: 16px 0 24px; font-size: 14px; }\n      #message a { display: block; text-align: center; background: #039be5; text-transform: uppercase; text-decoration: none; color: white; padding: 16px; border-radius: 4px; }\n      #message, #message a { box-shadow: 0 1px 3px rgba(0,0,0,0.12), 0 1px 2px rgba(0,0,0,0.24); }\n      #load { color: rgba(0,0,0,0.4); text-align: center; font-size: 13px; }\n      @media (max-width: 600px) {\n        body, #message { margin-top: 0; background: white; box-shadow: none; }\n        body { border-top: 16px solid #ffa100; }\n      }\n    </style>\n  </head>\n  <body>\n    <div id=\"message\">\n      <h2>404</h2>\n      <h1>Page Not Found</h1>\n      <p>The specified file was not found on this website. Please check the URL for mistakes and try again.</p>\n      <h3>Why am I seeing this?</h3>\n      <p>This page was generated by the Firebase Command-Line Interface. To modify it, edit the <code>404.html</code> file in your project's configured <code>public</code> directory.</p>\n    </div>\n  </body>\n</html>\n\nhttps://on.cypress.io/request\n    at <unknown> (http://localhost:55616/__cypress/runner/cypress_runner.js:149154:80)\n    at tryCatcher (http://localhost:55616/__cypress/runner/cypress_runner.js:18744:23)\n    at Promise._settlePromiseFromHandler (http://localhost:55616/__cypress/runner/cypress_runner.js:16679:31)\n    at Promise._settlePromise (http://localhost:55616/__cypress/runner/cypress_runner.js:16736:18)\n    at Promise._settlePromise0 (http://localhost:55616/__cypress/runner/cypress_runner.js:16781:10)\n    at Promise._settlePromises (http://localhost:55616/__cypress/runner/cypress_runner.js:16861:18)\n    at _drainQueueStep (http://localhost:55616/__cypress/runner/cypress_runner.js:13451:12)\n    at _drainQueue (http://localhost:55616/__cypress/runner/cypress_runner.js:13444:9)\n    at ../../node_modules/bluebird/js/release/async.js.Async._drainQueues (http://localhost:55616/__cypress/runner/cypress_runner.js:13460:5)\n    at Async.drainQueues (http://localhost:55616/__cypress/runner/cypress_runner.js:13330:14)\nFrom Your Spec Code:\n    at cadastrar (webpack:///./cypress/e2e/ui-tests/cadastro.cy.js:2:5)\n    at Context.eval (webpack:///./cypress/e2e/ui-tests/cadastro.cy.js:37:4)",
                "diff": null
              },
              "uuid": "34c0b6d8-cca8-4c37-93a4-fbc1e9b68d61",
              "parentUUID": "126fe01e-d852-4ebe-addf-572d9484f195",
              "isHook": false,
              "skipped": false
            },
            {
              "title": "Cenario de Teste: Fazer o cadastro com o nome menor que 6 digitos",
              "fullTitle": "Cenario de Teste:  Testar a página de cadastro da aplicação MedVida Cenario de Teste: Fazer o cadastro com o nome menor que 6 digitos",
              "timedOut": null,
              "duration": 382,
              "state": "failed",
              "speed": null,
              "pass": false,
              "fail": true,
              "pending": false,
              "context": "[\n  {\n    \"title\": \"cypress-mochawesome-reporter-videos-failed\",\n    \"value\": \"cypress/e2e/ui-tests/cadastro.cy.js\"\n  },\n  {\n    \"title\": \"cypress-mochawesome-reporter-screenshots\",\n    \"value\": [\n      [\n        \"/cadastro.cy.js/Cenario de Teste  Testar a página de cadastro da aplicação MedVida -- Cenario de Teste Fazer o cadastro com o nome menor que 6 digitos (failed).png\"\n      ]\n    ]\n  }\n]",
              "code": "cadastrar('Marco', 'COREN', '123456', '123.456.789-10', 'HMAC', '35 98485-3455', 'Testando@1');\ncy.on('window:alert', str => {\n  expect(str).to.equal('Nome incompleto');\n});",
              "err": {
                "message": "CypressError: `cy.request()` failed on:\n\n/cadastro\n\nThe response we received from your web server was:\n\n  > 404: Not Found\n\nThis was considered a failure because the status code was not `2xx` or `3xx`.\n\nIf you do not want status codes to cause failures pass the option: `failOnStatusCode: false`\n\n-----------------------------------------------------------\n\nThe request we sent was:\n\nMethod: GET\nURL: /cadastro\nHeaders: {\n  \"Connection\": \"keep-alive\",\n  \"user-agent\": \"Mozilla/5.0 (Macintosh; Intel Mac OS X 10_15_7) AppleWebKit/537.36 (KHTML, like Gecko) Cypress/12.12.0 Chrome/106.0.5249.51 Electron/21.0.0 Safari/537.36\",\n  \"accept\": \"*/*\",\n  \"accept-encoding\": \"gzip, deflate\"\n}\n\n-----------------------------------------------------------\n\nThe response we got was:\n\nStatus: 404 - Not Found\nHeaders: {\n  \"connection\": \"keep-alive\",\n  \"content-length\": \"853\",\n  \"cache-control\": \"max-age=3600\",\n  \"content-encoding\": \"gzip\",\n  \"content-type\": \"text/html; charset=utf-8\",\n  \"etag\": \"\\\"daa499dd96d8229e73235345702ba32f0793f0c8e5c0d30e40e37a5872be57aa\\\"\",\n  \"last-modified\": \"Thu, 12 Oct 2023 03:00:51 GMT\",\n  \"strict-transport-security\": \"max-age=31556926; includeSubDomains; preload\",\n  \"accept-ranges\": \"bytes\",\n  \"date\": \"Thu, 12 Oct 2023 03:22:43 GMT\",\n  \"x-served-by\": \"cache-gig2250064-GIG\",\n  \"x-cache\": \"HIT\",\n  \"x-cache-hits\": \"2\",\n  \"x-timer\": \"S1697080963.459336,VS0,VE0\",\n  \"vary\": \"x-fh-requested-host, accept-encoding\",\n  \"alt-svc\": \"h3=\\\":443\\\";ma=86400,h3-29=\\\":443\\\";ma=86400,h3-27=\\\":443\\\";ma=86400\"\n}\nBody: <!DOCTYPE html>\n<html>\n  <head>\n    <meta charset=\"utf-8\">\n    <meta name=\"viewport\" content=\"width=device-width, initial-scale=1\">\n    <title>Page Not Found</title>\n\n    <style media=\"screen\">\n      body { background: #ECEFF1; color: rgba(0,0,0,0.87); font-family: Roboto, Helvetica, Arial, sans-serif; margin: 0; padding: 0; }\n      #message { background: white; max-width: 360px; margin: 100px auto 16px; padding: 32px 24px 16px; border-radius: 3px; }\n      #message h3 { color: #888; font-weight: normal; font-size: 16px; margin: 16px 0 12px; }\n      #message h2 { color: #ffa100; font-weight: bold; font-size: 16px; margin: 0 0 8px; }\n      #message h1 { font-size: 22px; font-weight: 300; color: rgba(0,0,0,0.6); margin: 0 0 16px;}\n      #message p { line-height: 140%; margin: 16px 0 24px; font-size: 14px; }\n      #message a { display: block; text-align: center; background: #039be5; text-transform: uppercase; text-decoration: none; color: white; padding: 16px; border-radius: 4px; }\n      #message, #message a { box-shadow: 0 1px 3px rgba(0,0,0,0.12), 0 1px 2px rgba(0,0,0,0.24); }\n      #load { color: rgba(0,0,0,0.4); text-align: center; font-size: 13px; }\n      @media (max-width: 600px) {\n        body, #message { margin-top: 0; background: white; box-shadow: none; }\n        body { border-top: 16px solid #ffa100; }\n      }\n    </style>\n  </head>\n  <body>\n    <div id=\"message\">\n      <h2>404</h2>\n      <h1>Page Not Found</h1>\n      <p>The specified file was not found on this website. Please check the URL for mistakes and try again.</p>\n      <h3>Why am I seeing this?</h3>\n      <p>This page was generated by the Firebase Command-Line Interface. To modify it, edit the <code>404.html</code> file in your project's configured <code>public</code> directory.</p>\n    </div>\n  </body>\n</html>\n\nhttps://on.cypress.io/request",
                "estack": "CypressError: `cy.request()` failed on:\n\n/cadastro\n\nThe response we received from your web server was:\n\n  > 404: Not Found\n\nThis was considered a failure because the status code was not `2xx` or `3xx`.\n\nIf you do not want status codes to cause failures pass the option: `failOnStatusCode: false`\n\n-----------------------------------------------------------\n\nThe request we sent was:\n\nMethod: GET\nURL: /cadastro\nHeaders: {\n  \"Connection\": \"keep-alive\",\n  \"user-agent\": \"Mozilla/5.0 (Macintosh; Intel Mac OS X 10_15_7) AppleWebKit/537.36 (KHTML, like Gecko) Cypress/12.12.0 Chrome/106.0.5249.51 Electron/21.0.0 Safari/537.36\",\n  \"accept\": \"*/*\",\n  \"accept-encoding\": \"gzip, deflate\"\n}\n\n-----------------------------------------------------------\n\nThe response we got was:\n\nStatus: 404 - Not Found\nHeaders: {\n  \"connection\": \"keep-alive\",\n  \"content-length\": \"853\",\n  \"cache-control\": \"max-age=3600\",\n  \"content-encoding\": \"gzip\",\n  \"content-type\": \"text/html; charset=utf-8\",\n  \"etag\": \"\\\"daa499dd96d8229e73235345702ba32f0793f0c8e5c0d30e40e37a5872be57aa\\\"\",\n  \"last-modified\": \"Thu, 12 Oct 2023 03:00:51 GMT\",\n  \"strict-transport-security\": \"max-age=31556926; includeSubDomains; preload\",\n  \"accept-ranges\": \"bytes\",\n  \"date\": \"Thu, 12 Oct 2023 03:22:43 GMT\",\n  \"x-served-by\": \"cache-gig2250064-GIG\",\n  \"x-cache\": \"HIT\",\n  \"x-cache-hits\": \"2\",\n  \"x-timer\": \"S1697080963.459336,VS0,VE0\",\n  \"vary\": \"x-fh-requested-host, accept-encoding\",\n  \"alt-svc\": \"h3=\\\":443\\\";ma=86400,h3-29=\\\":443\\\";ma=86400,h3-27=\\\":443\\\";ma=86400\"\n}\nBody: <!DOCTYPE html>\n<html>\n  <head>\n    <meta charset=\"utf-8\">\n    <meta name=\"viewport\" content=\"width=device-width, initial-scale=1\">\n    <title>Page Not Found</title>\n\n    <style media=\"screen\">\n      body { background: #ECEFF1; color: rgba(0,0,0,0.87); font-family: Roboto, Helvetica, Arial, sans-serif; margin: 0; padding: 0; }\n      #message { background: white; max-width: 360px; margin: 100px auto 16px; padding: 32px 24px 16px; border-radius: 3px; }\n      #message h3 { color: #888; font-weight: normal; font-size: 16px; margin: 16px 0 12px; }\n      #message h2 { color: #ffa100; font-weight: bold; font-size: 16px; margin: 0 0 8px; }\n      #message h1 { font-size: 22px; font-weight: 300; color: rgba(0,0,0,0.6); margin: 0 0 16px;}\n      #message p { line-height: 140%; margin: 16px 0 24px; font-size: 14px; }\n      #message a { display: block; text-align: center; background: #039be5; text-transform: uppercase; text-decoration: none; color: white; padding: 16px; border-radius: 4px; }\n      #message, #message a { box-shadow: 0 1px 3px rgba(0,0,0,0.12), 0 1px 2px rgba(0,0,0,0.24); }\n      #load { color: rgba(0,0,0,0.4); text-align: center; font-size: 13px; }\n      @media (max-width: 600px) {\n        body, #message { margin-top: 0; background: white; box-shadow: none; }\n        body { border-top: 16px solid #ffa100; }\n      }\n    </style>\n  </head>\n  <body>\n    <div id=\"message\">\n      <h2>404</h2>\n      <h1>Page Not Found</h1>\n      <p>The specified file was not found on this website. Please check the URL for mistakes and try again.</p>\n      <h3>Why am I seeing this?</h3>\n      <p>This page was generated by the Firebase Command-Line Interface. To modify it, edit the <code>404.html</code> file in your project's configured <code>public</code> directory.</p>\n    </div>\n  </body>\n</html>\n\nhttps://on.cypress.io/request\n    at <unknown> (http://localhost:55616/__cypress/runner/cypress_runner.js:149154:80)\n    at tryCatcher (http://localhost:55616/__cypress/runner/cypress_runner.js:18744:23)\n    at Promise._settlePromiseFromHandler (http://localhost:55616/__cypress/runner/cypress_runner.js:16679:31)\n    at Promise._settlePromise (http://localhost:55616/__cypress/runner/cypress_runner.js:16736:18)\n    at Promise._settlePromise0 (http://localhost:55616/__cypress/runner/cypress_runner.js:16781:10)\n    at Promise._settlePromises (http://localhost:55616/__cypress/runner/cypress_runner.js:16861:18)\n    at _drainQueueStep (http://localhost:55616/__cypress/runner/cypress_runner.js:13451:12)\n    at _drainQueue (http://localhost:55616/__cypress/runner/cypress_runner.js:13444:9)\n    at ../../node_modules/bluebird/js/release/async.js.Async._drainQueues (http://localhost:55616/__cypress/runner/cypress_runner.js:13460:5)\n    at Async.drainQueues (http://localhost:55616/__cypress/runner/cypress_runner.js:13330:14)\nFrom Your Spec Code:\n    at cadastrar (webpack:///./cypress/e2e/ui-tests/cadastro.cy.js:2:5)\n    at Context.eval (webpack:///./cypress/e2e/ui-tests/cadastro.cy.js:43:4)",
                "diff": null
              },
              "uuid": "25e904df-ded7-4bfc-94c4-85f452a75508",
              "parentUUID": "126fe01e-d852-4ebe-addf-572d9484f195",
              "isHook": false,
              "skipped": false
            },
            {
              "title": "Cenario de Teste: Fazer o cadastro com o cpf menor que 11 digitos",
              "fullTitle": "Cenario de Teste:  Testar a página de cadastro da aplicação MedVida Cenario de Teste: Fazer o cadastro com o cpf menor que 11 digitos",
              "timedOut": null,
              "duration": 332,
              "state": "failed",
              "speed": null,
              "pass": false,
              "fail": true,
              "pending": false,
              "context": "[\n  {\n    \"title\": \"cypress-mochawesome-reporter-videos-failed\",\n    \"value\": \"cypress/e2e/ui-tests/cadastro.cy.js\"\n  },\n  {\n    \"title\": \"cypress-mochawesome-reporter-screenshots\",\n    \"value\": [\n      [\n        \"/cadastro.cy.js/Cenario de Teste  Testar a página de cadastro da aplicação MedVida -- Cenario de Teste Fazer o cadastro com o cpf menor que 11 digitos (failed).png\"\n      ]\n    ]\n  }\n]",
              "code": "cadastrar('Marcela Dias', 'COREN', '123456', '123.456.789-1', 'HMAC', '35 98485-3455', 'Testando@1');\ncy.on('window:alert', str => {\n  expect(str).to.equal('CPF incompleto');\n});",
              "err": {
                "message": "CypressError: `cy.request()` failed on:\n\n/cadastro\n\nThe response we received from your web server was:\n\n  > 404: Not Found\n\nThis was considered a failure because the status code was not `2xx` or `3xx`.\n\nIf you do not want status codes to cause failures pass the option: `failOnStatusCode: false`\n\n-----------------------------------------------------------\n\nThe request we sent was:\n\nMethod: GET\nURL: /cadastro\nHeaders: {\n  \"Connection\": \"keep-alive\",\n  \"user-agent\": \"Mozilla/5.0 (Macintosh; Intel Mac OS X 10_15_7) AppleWebKit/537.36 (KHTML, like Gecko) Cypress/12.12.0 Chrome/106.0.5249.51 Electron/21.0.0 Safari/537.36\",\n  \"accept\": \"*/*\",\n  \"accept-encoding\": \"gzip, deflate\"\n}\n\n-----------------------------------------------------------\n\nThe response we got was:\n\nStatus: 404 - Not Found\nHeaders: {\n  \"connection\": \"keep-alive\",\n  \"content-length\": \"853\",\n  \"cache-control\": \"max-age=3600\",\n  \"content-encoding\": \"gzip\",\n  \"content-type\": \"text/html; charset=utf-8\",\n  \"etag\": \"\\\"daa499dd96d8229e73235345702ba32f0793f0c8e5c0d30e40e37a5872be57aa\\\"\",\n  \"last-modified\": \"Thu, 12 Oct 2023 03:00:51 GMT\",\n  \"strict-transport-security\": \"max-age=31556926; includeSubDomains; preload\",\n  \"accept-ranges\": \"bytes\",\n  \"date\": \"Thu, 12 Oct 2023 03:22:43 GMT\",\n  \"x-served-by\": \"cache-gig2250064-GIG\",\n  \"x-cache\": \"HIT\",\n  \"x-cache-hits\": \"3\",\n  \"x-timer\": \"S1697080964.797113,VS0,VE0\",\n  \"vary\": \"x-fh-requested-host, accept-encoding\",\n  \"alt-svc\": \"h3=\\\":443\\\";ma=86400,h3-29=\\\":443\\\";ma=86400,h3-27=\\\":443\\\";ma=86400\"\n}\nBody: <!DOCTYPE html>\n<html>\n  <head>\n    <meta charset=\"utf-8\">\n    <meta name=\"viewport\" content=\"width=device-width, initial-scale=1\">\n    <title>Page Not Found</title>\n\n    <style media=\"screen\">\n      body { background: #ECEFF1; color: rgba(0,0,0,0.87); font-family: Roboto, Helvetica, Arial, sans-serif; margin: 0; padding: 0; }\n      #message { background: white; max-width: 360px; margin: 100px auto 16px; padding: 32px 24px 16px; border-radius: 3px; }\n      #message h3 { color: #888; font-weight: normal; font-size: 16px; margin: 16px 0 12px; }\n      #message h2 { color: #ffa100; font-weight: bold; font-size: 16px; margin: 0 0 8px; }\n      #message h1 { font-size: 22px; font-weight: 300; color: rgba(0,0,0,0.6); margin: 0 0 16px;}\n      #message p { line-height: 140%; margin: 16px 0 24px; font-size: 14px; }\n      #message a { display: block; text-align: center; background: #039be5; text-transform: uppercase; text-decoration: none; color: white; padding: 16px; border-radius: 4px; }\n      #message, #message a { box-shadow: 0 1px 3px rgba(0,0,0,0.12), 0 1px 2px rgba(0,0,0,0.24); }\n      #load { color: rgba(0,0,0,0.4); text-align: center; font-size: 13px; }\n      @media (max-width: 600px) {\n        body, #message { margin-top: 0; background: white; box-shadow: none; }\n        body { border-top: 16px solid #ffa100; }\n      }\n    </style>\n  </head>\n  <body>\n    <div id=\"message\">\n      <h2>404</h2>\n      <h1>Page Not Found</h1>\n      <p>The specified file was not found on this website. Please check the URL for mistakes and try again.</p>\n      <h3>Why am I seeing this?</h3>\n      <p>This page was generated by the Firebase Command-Line Interface. To modify it, edit the <code>404.html</code> file in your project's configured <code>public</code> directory.</p>\n    </div>\n  </body>\n</html>\n\nhttps://on.cypress.io/request",
                "estack": "CypressError: `cy.request()` failed on:\n\n/cadastro\n\nThe response we received from your web server was:\n\n  > 404: Not Found\n\nThis was considered a failure because the status code was not `2xx` or `3xx`.\n\nIf you do not want status codes to cause failures pass the option: `failOnStatusCode: false`\n\n-----------------------------------------------------------\n\nThe request we sent was:\n\nMethod: GET\nURL: /cadastro\nHeaders: {\n  \"Connection\": \"keep-alive\",\n  \"user-agent\": \"Mozilla/5.0 (Macintosh; Intel Mac OS X 10_15_7) AppleWebKit/537.36 (KHTML, like Gecko) Cypress/12.12.0 Chrome/106.0.5249.51 Electron/21.0.0 Safari/537.36\",\n  \"accept\": \"*/*\",\n  \"accept-encoding\": \"gzip, deflate\"\n}\n\n-----------------------------------------------------------\n\nThe response we got was:\n\nStatus: 404 - Not Found\nHeaders: {\n  \"connection\": \"keep-alive\",\n  \"content-length\": \"853\",\n  \"cache-control\": \"max-age=3600\",\n  \"content-encoding\": \"gzip\",\n  \"content-type\": \"text/html; charset=utf-8\",\n  \"etag\": \"\\\"daa499dd96d8229e73235345702ba32f0793f0c8e5c0d30e40e37a5872be57aa\\\"\",\n  \"last-modified\": \"Thu, 12 Oct 2023 03:00:51 GMT\",\n  \"strict-transport-security\": \"max-age=31556926; includeSubDomains; preload\",\n  \"accept-ranges\": \"bytes\",\n  \"date\": \"Thu, 12 Oct 2023 03:22:43 GMT\",\n  \"x-served-by\": \"cache-gig2250064-GIG\",\n  \"x-cache\": \"HIT\",\n  \"x-cache-hits\": \"3\",\n  \"x-timer\": \"S1697080964.797113,VS0,VE0\",\n  \"vary\": \"x-fh-requested-host, accept-encoding\",\n  \"alt-svc\": \"h3=\\\":443\\\";ma=86400,h3-29=\\\":443\\\";ma=86400,h3-27=\\\":443\\\";ma=86400\"\n}\nBody: <!DOCTYPE html>\n<html>\n  <head>\n    <meta charset=\"utf-8\">\n    <meta name=\"viewport\" content=\"width=device-width, initial-scale=1\">\n    <title>Page Not Found</title>\n\n    <style media=\"screen\">\n      body { background: #ECEFF1; color: rgba(0,0,0,0.87); font-family: Roboto, Helvetica, Arial, sans-serif; margin: 0; padding: 0; }\n      #message { background: white; max-width: 360px; margin: 100px auto 16px; padding: 32px 24px 16px; border-radius: 3px; }\n      #message h3 { color: #888; font-weight: normal; font-size: 16px; margin: 16px 0 12px; }\n      #message h2 { color: #ffa100; font-weight: bold; font-size: 16px; margin: 0 0 8px; }\n      #message h1 { font-size: 22px; font-weight: 300; color: rgba(0,0,0,0.6); margin: 0 0 16px;}\n      #message p { line-height: 140%; margin: 16px 0 24px; font-size: 14px; }\n      #message a { display: block; text-align: center; background: #039be5; text-transform: uppercase; text-decoration: none; color: white; padding: 16px; border-radius: 4px; }\n      #message, #message a { box-shadow: 0 1px 3px rgba(0,0,0,0.12), 0 1px 2px rgba(0,0,0,0.24); }\n      #load { color: rgba(0,0,0,0.4); text-align: center; font-size: 13px; }\n      @media (max-width: 600px) {\n        body, #message { margin-top: 0; background: white; box-shadow: none; }\n        body { border-top: 16px solid #ffa100; }\n      }\n    </style>\n  </head>\n  <body>\n    <div id=\"message\">\n      <h2>404</h2>\n      <h1>Page Not Found</h1>\n      <p>The specified file was not found on this website. Please check the URL for mistakes and try again.</p>\n      <h3>Why am I seeing this?</h3>\n      <p>This page was generated by the Firebase Command-Line Interface. To modify it, edit the <code>404.html</code> file in your project's configured <code>public</code> directory.</p>\n    </div>\n  </body>\n</html>\n\nhttps://on.cypress.io/request\n    at <unknown> (http://localhost:55616/__cypress/runner/cypress_runner.js:149154:80)\n    at tryCatcher (http://localhost:55616/__cypress/runner/cypress_runner.js:18744:23)\n    at Promise._settlePromiseFromHandler (http://localhost:55616/__cypress/runner/cypress_runner.js:16679:31)\n    at Promise._settlePromise (http://localhost:55616/__cypress/runner/cypress_runner.js:16736:18)\n    at Promise._settlePromise0 (http://localhost:55616/__cypress/runner/cypress_runner.js:16781:10)\n    at Promise._settlePromises (http://localhost:55616/__cypress/runner/cypress_runner.js:16861:18)\n    at _drainQueueStep (http://localhost:55616/__cypress/runner/cypress_runner.js:13451:12)\n    at _drainQueue (http://localhost:55616/__cypress/runner/cypress_runner.js:13444:9)\n    at ../../node_modules/bluebird/js/release/async.js.Async._drainQueues (http://localhost:55616/__cypress/runner/cypress_runner.js:13460:5)\n    at Async.drainQueues (http://localhost:55616/__cypress/runner/cypress_runner.js:13330:14)\nFrom Your Spec Code:\n    at cadastrar (webpack:///./cypress/e2e/ui-tests/cadastro.cy.js:2:5)\n    at Context.eval (webpack:///./cypress/e2e/ui-tests/cadastro.cy.js:50:4)",
                "diff": null
              },
              "uuid": "360541a5-fd2b-4090-9225-d35e70944bf6",
              "parentUUID": "126fe01e-d852-4ebe-addf-572d9484f195",
              "isHook": false,
              "skipped": false
            },
            {
              "title": "Cenario de Teste: Fazer o cadastro com o celular em formato inválido",
              "fullTitle": "Cenario de Teste:  Testar a página de cadastro da aplicação MedVida Cenario de Teste: Fazer o cadastro com o celular em formato inválido",
              "timedOut": null,
              "duration": 378,
              "state": "failed",
              "speed": null,
              "pass": false,
              "fail": true,
              "pending": false,
              "context": "[\n  {\n    \"title\": \"cypress-mochawesome-reporter-videos-failed\",\n    \"value\": \"cypress/e2e/ui-tests/cadastro.cy.js\"\n  },\n  {\n    \"title\": \"cypress-mochawesome-reporter-screenshots\",\n    \"value\": [\n      [\n        \"/cadastro.cy.js/Cenario de Teste  Testar a página de cadastro da aplicação MedVida -- Cenario de Teste Fazer o cadastro com o celular em formato inválido (failed).png\"\n      ]\n    ]\n  }\n]",
              "code": "cadastrar('Marcela Dias', 'COREN', '123456', '123.456.789-10', 'HMAC', '35-98485-3455', 'Testando@1');\ncy.on('window:alert', str => {\n  expect(str).to.equal('Celular incorreto');\n});",
              "err": {
                "message": "CypressError: `cy.request()` failed on:\n\n/cadastro\n\nThe response we received from your web server was:\n\n  > 404: Not Found\n\nThis was considered a failure because the status code was not `2xx` or `3xx`.\n\nIf you do not want status codes to cause failures pass the option: `failOnStatusCode: false`\n\n-----------------------------------------------------------\n\nThe request we sent was:\n\nMethod: GET\nURL: /cadastro\nHeaders: {\n  \"Connection\": \"keep-alive\",\n  \"user-agent\": \"Mozilla/5.0 (Macintosh; Intel Mac OS X 10_15_7) AppleWebKit/537.36 (KHTML, like Gecko) Cypress/12.12.0 Chrome/106.0.5249.51 Electron/21.0.0 Safari/537.36\",\n  \"accept\": \"*/*\",\n  \"accept-encoding\": \"gzip, deflate\"\n}\n\n-----------------------------------------------------------\n\nThe response we got was:\n\nStatus: 404 - Not Found\nHeaders: {\n  \"connection\": \"keep-alive\",\n  \"content-length\": \"853\",\n  \"cache-control\": \"max-age=3600\",\n  \"content-encoding\": \"gzip\",\n  \"content-type\": \"text/html; charset=utf-8\",\n  \"etag\": \"\\\"daa499dd96d8229e73235345702ba32f0793f0c8e5c0d30e40e37a5872be57aa\\\"\",\n  \"last-modified\": \"Thu, 12 Oct 2023 03:00:51 GMT\",\n  \"strict-transport-security\": \"max-age=31556926; includeSubDomains; preload\",\n  \"accept-ranges\": \"bytes\",\n  \"date\": \"Thu, 12 Oct 2023 03:22:44 GMT\",\n  \"x-served-by\": \"cache-gig2250064-GIG\",\n  \"x-cache\": \"HIT\",\n  \"x-cache-hits\": \"4\",\n  \"x-timer\": \"S1697080964.206250,VS0,VE0\",\n  \"vary\": \"x-fh-requested-host, accept-encoding\",\n  \"alt-svc\": \"h3=\\\":443\\\";ma=86400,h3-29=\\\":443\\\";ma=86400,h3-27=\\\":443\\\";ma=86400\"\n}\nBody: <!DOCTYPE html>\n<html>\n  <head>\n    <meta charset=\"utf-8\">\n    <meta name=\"viewport\" content=\"width=device-width, initial-scale=1\">\n    <title>Page Not Found</title>\n\n    <style media=\"screen\">\n      body { background: #ECEFF1; color: rgba(0,0,0,0.87); font-family: Roboto, Helvetica, Arial, sans-serif; margin: 0; padding: 0; }\n      #message { background: white; max-width: 360px; margin: 100px auto 16px; padding: 32px 24px 16px; border-radius: 3px; }\n      #message h3 { color: #888; font-weight: normal; font-size: 16px; margin: 16px 0 12px; }\n      #message h2 { color: #ffa100; font-weight: bold; font-size: 16px; margin: 0 0 8px; }\n      #message h1 { font-size: 22px; font-weight: 300; color: rgba(0,0,0,0.6); margin: 0 0 16px;}\n      #message p { line-height: 140%; margin: 16px 0 24px; font-size: 14px; }\n      #message a { display: block; text-align: center; background: #039be5; text-transform: uppercase; text-decoration: none; color: white; padding: 16px; border-radius: 4px; }\n      #message, #message a { box-shadow: 0 1px 3px rgba(0,0,0,0.12), 0 1px 2px rgba(0,0,0,0.24); }\n      #load { color: rgba(0,0,0,0.4); text-align: center; font-size: 13px; }\n      @media (max-width: 600px) {\n        body, #message { margin-top: 0; background: white; box-shadow: none; }\n        body { border-top: 16px solid #ffa100; }\n      }\n    </style>\n  </head>\n  <body>\n    <div id=\"message\">\n      <h2>404</h2>\n      <h1>Page Not Found</h1>\n      <p>The specified file was not found on this website. Please check the URL for mistakes and try again.</p>\n      <h3>Why am I seeing this?</h3>\n      <p>This page was generated by the Firebase Command-Line Interface. To modify it, edit the <code>404.html</code> file in your project's configured <code>public</code> directory.</p>\n    </div>\n  </body>\n</html>\n\nhttps://on.cypress.io/request",
                "estack": "CypressError: `cy.request()` failed on:\n\n/cadastro\n\nThe response we received from your web server was:\n\n  > 404: Not Found\n\nThis was considered a failure because the status code was not `2xx` or `3xx`.\n\nIf you do not want status codes to cause failures pass the option: `failOnStatusCode: false`\n\n-----------------------------------------------------------\n\nThe request we sent was:\n\nMethod: GET\nURL: /cadastro\nHeaders: {\n  \"Connection\": \"keep-alive\",\n  \"user-agent\": \"Mozilla/5.0 (Macintosh; Intel Mac OS X 10_15_7) AppleWebKit/537.36 (KHTML, like Gecko) Cypress/12.12.0 Chrome/106.0.5249.51 Electron/21.0.0 Safari/537.36\",\n  \"accept\": \"*/*\",\n  \"accept-encoding\": \"gzip, deflate\"\n}\n\n-----------------------------------------------------------\n\nThe response we got was:\n\nStatus: 404 - Not Found\nHeaders: {\n  \"connection\": \"keep-alive\",\n  \"content-length\": \"853\",\n  \"cache-control\": \"max-age=3600\",\n  \"content-encoding\": \"gzip\",\n  \"content-type\": \"text/html; charset=utf-8\",\n  \"etag\": \"\\\"daa499dd96d8229e73235345702ba32f0793f0c8e5c0d30e40e37a5872be57aa\\\"\",\n  \"last-modified\": \"Thu, 12 Oct 2023 03:00:51 GMT\",\n  \"strict-transport-security\": \"max-age=31556926; includeSubDomains; preload\",\n  \"accept-ranges\": \"bytes\",\n  \"date\": \"Thu, 12 Oct 2023 03:22:44 GMT\",\n  \"x-served-by\": \"cache-gig2250064-GIG\",\n  \"x-cache\": \"HIT\",\n  \"x-cache-hits\": \"4\",\n  \"x-timer\": \"S1697080964.206250,VS0,VE0\",\n  \"vary\": \"x-fh-requested-host, accept-encoding\",\n  \"alt-svc\": \"h3=\\\":443\\\";ma=86400,h3-29=\\\":443\\\";ma=86400,h3-27=\\\":443\\\";ma=86400\"\n}\nBody: <!DOCTYPE html>\n<html>\n  <head>\n    <meta charset=\"utf-8\">\n    <meta name=\"viewport\" content=\"width=device-width, initial-scale=1\">\n    <title>Page Not Found</title>\n\n    <style media=\"screen\">\n      body { background: #ECEFF1; color: rgba(0,0,0,0.87); font-family: Roboto, Helvetica, Arial, sans-serif; margin: 0; padding: 0; }\n      #message { background: white; max-width: 360px; margin: 100px auto 16px; padding: 32px 24px 16px; border-radius: 3px; }\n      #message h3 { color: #888; font-weight: normal; font-size: 16px; margin: 16px 0 12px; }\n      #message h2 { color: #ffa100; font-weight: bold; font-size: 16px; margin: 0 0 8px; }\n      #message h1 { font-size: 22px; font-weight: 300; color: rgba(0,0,0,0.6); margin: 0 0 16px;}\n      #message p { line-height: 140%; margin: 16px 0 24px; font-size: 14px; }\n      #message a { display: block; text-align: center; background: #039be5; text-transform: uppercase; text-decoration: none; color: white; padding: 16px; border-radius: 4px; }\n      #message, #message a { box-shadow: 0 1px 3px rgba(0,0,0,0.12), 0 1px 2px rgba(0,0,0,0.24); }\n      #load { color: rgba(0,0,0,0.4); text-align: center; font-size: 13px; }\n      @media (max-width: 600px) {\n        body, #message { margin-top: 0; background: white; box-shadow: none; }\n        body { border-top: 16px solid #ffa100; }\n      }\n    </style>\n  </head>\n  <body>\n    <div id=\"message\">\n      <h2>404</h2>\n      <h1>Page Not Found</h1>\n      <p>The specified file was not found on this website. Please check the URL for mistakes and try again.</p>\n      <h3>Why am I seeing this?</h3>\n      <p>This page was generated by the Firebase Command-Line Interface. To modify it, edit the <code>404.html</code> file in your project's configured <code>public</code> directory.</p>\n    </div>\n  </body>\n</html>\n\nhttps://on.cypress.io/request\n    at <unknown> (http://localhost:55616/__cypress/runner/cypress_runner.js:149154:80)\n    at tryCatcher (http://localhost:55616/__cypress/runner/cypress_runner.js:18744:23)\n    at Promise._settlePromiseFromHandler (http://localhost:55616/__cypress/runner/cypress_runner.js:16679:31)\n    at Promise._settlePromise (http://localhost:55616/__cypress/runner/cypress_runner.js:16736:18)\n    at Promise._settlePromise0 (http://localhost:55616/__cypress/runner/cypress_runner.js:16781:10)\n    at Promise._settlePromises (http://localhost:55616/__cypress/runner/cypress_runner.js:16861:18)\n    at _drainQueueStep (http://localhost:55616/__cypress/runner/cypress_runner.js:13451:12)\n    at _drainQueue (http://localhost:55616/__cypress/runner/cypress_runner.js:13444:9)\n    at ../../node_modules/bluebird/js/release/async.js.Async._drainQueues (http://localhost:55616/__cypress/runner/cypress_runner.js:13460:5)\n    at Async.drainQueues (http://localhost:55616/__cypress/runner/cypress_runner.js:13330:14)\nFrom Your Spec Code:\n    at cadastrar (webpack:///./cypress/e2e/ui-tests/cadastro.cy.js:2:5)\n    at Context.eval (webpack:///./cypress/e2e/ui-tests/cadastro.cy.js:57:4)",
                "diff": null
              },
              "uuid": "f5cb74f5-ae00-48d4-8576-b8c10f358346",
              "parentUUID": "126fe01e-d852-4ebe-addf-572d9484f195",
              "isHook": false,
              "skipped": false
            },
            {
              "title": "Cenario de Teste: Fazer o cadastro com a senha menor que 8 digitos",
              "fullTitle": "Cenario de Teste:  Testar a página de cadastro da aplicação MedVida Cenario de Teste: Fazer o cadastro com a senha menor que 8 digitos",
              "timedOut": null,
              "duration": 378,
              "state": "failed",
              "speed": null,
              "pass": false,
              "fail": true,
              "pending": false,
              "context": "[\n  {\n    \"title\": \"cypress-mochawesome-reporter-videos-failed\",\n    \"value\": \"cypress/e2e/ui-tests/cadastro.cy.js\"\n  },\n  {\n    \"title\": \"cypress-mochawesome-reporter-screenshots\",\n    \"value\": [\n      [\n        \"/cadastro.cy.js/Cenario de Teste  Testar a página de cadastro da aplicação MedVida -- Cenario de Teste Fazer o cadastro com a senha menor que 8 digitos (failed).png\"\n      ]\n    ]\n  }\n]",
              "code": "cadastrar('Marcela Dias', 'COREN', '123456', '123.456.789-10', 'HMAC', '35 98485-3455', 'Test@1');\ncy.on('window:alert', str => {\n  expect(str).to.equal('Senha incompleta');\n});",
              "err": {
                "message": "CypressError: `cy.request()` failed on:\n\n/cadastro\n\nThe response we received from your web server was:\n\n  > 404: Not Found\n\nThis was considered a failure because the status code was not `2xx` or `3xx`.\n\nIf you do not want status codes to cause failures pass the option: `failOnStatusCode: false`\n\n-----------------------------------------------------------\n\nThe request we sent was:\n\nMethod: GET\nURL: /cadastro\nHeaders: {\n  \"Connection\": \"keep-alive\",\n  \"user-agent\": \"Mozilla/5.0 (Macintosh; Intel Mac OS X 10_15_7) AppleWebKit/537.36 (KHTML, like Gecko) Cypress/12.12.0 Chrome/106.0.5249.51 Electron/21.0.0 Safari/537.36\",\n  \"accept\": \"*/*\",\n  \"accept-encoding\": \"gzip, deflate\"\n}\n\n-----------------------------------------------------------\n\nThe response we got was:\n\nStatus: 404 - Not Found\nHeaders: {\n  \"connection\": \"keep-alive\",\n  \"content-length\": \"853\",\n  \"cache-control\": \"max-age=3600\",\n  \"content-encoding\": \"gzip\",\n  \"content-type\": \"text/html; charset=utf-8\",\n  \"etag\": \"\\\"daa499dd96d8229e73235345702ba32f0793f0c8e5c0d30e40e37a5872be57aa\\\"\",\n  \"last-modified\": \"Thu, 12 Oct 2023 03:00:51 GMT\",\n  \"strict-transport-security\": \"max-age=31556926; includeSubDomains; preload\",\n  \"accept-ranges\": \"bytes\",\n  \"date\": \"Thu, 12 Oct 2023 03:22:44 GMT\",\n  \"x-served-by\": \"cache-gig2250064-GIG\",\n  \"x-cache\": \"HIT\",\n  \"x-cache-hits\": \"5\",\n  \"x-timer\": \"S1697080965.618543,VS0,VE0\",\n  \"vary\": \"x-fh-requested-host, accept-encoding\",\n  \"alt-svc\": \"h3=\\\":443\\\";ma=86400,h3-29=\\\":443\\\";ma=86400,h3-27=\\\":443\\\";ma=86400\"\n}\nBody: <!DOCTYPE html>\n<html>\n  <head>\n    <meta charset=\"utf-8\">\n    <meta name=\"viewport\" content=\"width=device-width, initial-scale=1\">\n    <title>Page Not Found</title>\n\n    <style media=\"screen\">\n      body { background: #ECEFF1; color: rgba(0,0,0,0.87); font-family: Roboto, Helvetica, Arial, sans-serif; margin: 0; padding: 0; }\n      #message { background: white; max-width: 360px; margin: 100px auto 16px; padding: 32px 24px 16px; border-radius: 3px; }\n      #message h3 { color: #888; font-weight: normal; font-size: 16px; margin: 16px 0 12px; }\n      #message h2 { color: #ffa100; font-weight: bold; font-size: 16px; margin: 0 0 8px; }\n      #message h1 { font-size: 22px; font-weight: 300; color: rgba(0,0,0,0.6); margin: 0 0 16px;}\n      #message p { line-height: 140%; margin: 16px 0 24px; font-size: 14px; }\n      #message a { display: block; text-align: center; background: #039be5; text-transform: uppercase; text-decoration: none; color: white; padding: 16px; border-radius: 4px; }\n      #message, #message a { box-shadow: 0 1px 3px rgba(0,0,0,0.12), 0 1px 2px rgba(0,0,0,0.24); }\n      #load { color: rgba(0,0,0,0.4); text-align: center; font-size: 13px; }\n      @media (max-width: 600px) {\n        body, #message { margin-top: 0; background: white; box-shadow: none; }\n        body { border-top: 16px solid #ffa100; }\n      }\n    </style>\n  </head>\n  <body>\n    <div id=\"message\">\n      <h2>404</h2>\n      <h1>Page Not Found</h1>\n      <p>The specified file was not found on this website. Please check the URL for mistakes and try again.</p>\n      <h3>Why am I seeing this?</h3>\n      <p>This page was generated by the Firebase Command-Line Interface. To modify it, edit the <code>404.html</code> file in your project's configured <code>public</code> directory.</p>\n    </div>\n  </body>\n</html>\n\nhttps://on.cypress.io/request",
                "estack": "CypressError: `cy.request()` failed on:\n\n/cadastro\n\nThe response we received from your web server was:\n\n  > 404: Not Found\n\nThis was considered a failure because the status code was not `2xx` or `3xx`.\n\nIf you do not want status codes to cause failures pass the option: `failOnStatusCode: false`\n\n-----------------------------------------------------------\n\nThe request we sent was:\n\nMethod: GET\nURL: /cadastro\nHeaders: {\n  \"Connection\": \"keep-alive\",\n  \"user-agent\": \"Mozilla/5.0 (Macintosh; Intel Mac OS X 10_15_7) AppleWebKit/537.36 (KHTML, like Gecko) Cypress/12.12.0 Chrome/106.0.5249.51 Electron/21.0.0 Safari/537.36\",\n  \"accept\": \"*/*\",\n  \"accept-encoding\": \"gzip, deflate\"\n}\n\n-----------------------------------------------------------\n\nThe response we got was:\n\nStatus: 404 - Not Found\nHeaders: {\n  \"connection\": \"keep-alive\",\n  \"content-length\": \"853\",\n  \"cache-control\": \"max-age=3600\",\n  \"content-encoding\": \"gzip\",\n  \"content-type\": \"text/html; charset=utf-8\",\n  \"etag\": \"\\\"daa499dd96d8229e73235345702ba32f0793f0c8e5c0d30e40e37a5872be57aa\\\"\",\n  \"last-modified\": \"Thu, 12 Oct 2023 03:00:51 GMT\",\n  \"strict-transport-security\": \"max-age=31556926; includeSubDomains; preload\",\n  \"accept-ranges\": \"bytes\",\n  \"date\": \"Thu, 12 Oct 2023 03:22:44 GMT\",\n  \"x-served-by\": \"cache-gig2250064-GIG\",\n  \"x-cache\": \"HIT\",\n  \"x-cache-hits\": \"5\",\n  \"x-timer\": \"S1697080965.618543,VS0,VE0\",\n  \"vary\": \"x-fh-requested-host, accept-encoding\",\n  \"alt-svc\": \"h3=\\\":443\\\";ma=86400,h3-29=\\\":443\\\";ma=86400,h3-27=\\\":443\\\";ma=86400\"\n}\nBody: <!DOCTYPE html>\n<html>\n  <head>\n    <meta charset=\"utf-8\">\n    <meta name=\"viewport\" content=\"width=device-width, initial-scale=1\">\n    <title>Page Not Found</title>\n\n    <style media=\"screen\">\n      body { background: #ECEFF1; color: rgba(0,0,0,0.87); font-family: Roboto, Helvetica, Arial, sans-serif; margin: 0; padding: 0; }\n      #message { background: white; max-width: 360px; margin: 100px auto 16px; padding: 32px 24px 16px; border-radius: 3px; }\n      #message h3 { color: #888; font-weight: normal; font-size: 16px; margin: 16px 0 12px; }\n      #message h2 { color: #ffa100; font-weight: bold; font-size: 16px; margin: 0 0 8px; }\n      #message h1 { font-size: 22px; font-weight: 300; color: rgba(0,0,0,0.6); margin: 0 0 16px;}\n      #message p { line-height: 140%; margin: 16px 0 24px; font-size: 14px; }\n      #message a { display: block; text-align: center; background: #039be5; text-transform: uppercase; text-decoration: none; color: white; padding: 16px; border-radius: 4px; }\n      #message, #message a { box-shadow: 0 1px 3px rgba(0,0,0,0.12), 0 1px 2px rgba(0,0,0,0.24); }\n      #load { color: rgba(0,0,0,0.4); text-align: center; font-size: 13px; }\n      @media (max-width: 600px) {\n        body, #message { margin-top: 0; background: white; box-shadow: none; }\n        body { border-top: 16px solid #ffa100; }\n      }\n    </style>\n  </head>\n  <body>\n    <div id=\"message\">\n      <h2>404</h2>\n      <h1>Page Not Found</h1>\n      <p>The specified file was not found on this website. Please check the URL for mistakes and try again.</p>\n      <h3>Why am I seeing this?</h3>\n      <p>This page was generated by the Firebase Command-Line Interface. To modify it, edit the <code>404.html</code> file in your project's configured <code>public</code> directory.</p>\n    </div>\n  </body>\n</html>\n\nhttps://on.cypress.io/request\n    at <unknown> (http://localhost:55616/__cypress/runner/cypress_runner.js:149154:80)\n    at tryCatcher (http://localhost:55616/__cypress/runner/cypress_runner.js:18744:23)\n    at Promise._settlePromiseFromHandler (http://localhost:55616/__cypress/runner/cypress_runner.js:16679:31)\n    at Promise._settlePromise (http://localhost:55616/__cypress/runner/cypress_runner.js:16736:18)\n    at Promise._settlePromise0 (http://localhost:55616/__cypress/runner/cypress_runner.js:16781:10)\n    at Promise._settlePromises (http://localhost:55616/__cypress/runner/cypress_runner.js:16861:18)\n    at _drainQueueStep (http://localhost:55616/__cypress/runner/cypress_runner.js:13451:12)\n    at _drainQueue (http://localhost:55616/__cypress/runner/cypress_runner.js:13444:9)\n    at ../../node_modules/bluebird/js/release/async.js.Async._drainQueues (http://localhost:55616/__cypress/runner/cypress_runner.js:13460:5)\n    at Async.drainQueues (http://localhost:55616/__cypress/runner/cypress_runner.js:13330:14)\nFrom Your Spec Code:\n    at cadastrar (webpack:///./cypress/e2e/ui-tests/cadastro.cy.js:2:5)\n    at Context.eval (webpack:///./cypress/e2e/ui-tests/cadastro.cy.js:64:4)",
                "diff": null
              },
              "uuid": "fcc5bea2-5a6c-4ce8-8241-435359650818",
              "parentUUID": "126fe01e-d852-4ebe-addf-572d9484f195",
              "isHook": false,
              "skipped": false
            },
            {
              "title": "Cenario de Teste: Clicar no botão de cadastro e ir para a tela de cadastro",
              "fullTitle": "Cenario de Teste:  Testar a página de cadastro da aplicação MedVida Cenario de Teste: Clicar no botão de cadastro e ir para a tela de cadastro",
              "timedOut": null,
              "duration": 511,
              "state": "failed",
              "speed": null,
              "pass": false,
              "fail": true,
              "pending": false,
              "context": "[\n  {\n    \"title\": \"cypress-mochawesome-reporter-videos-failed\",\n    \"value\": \"cypress/e2e/ui-tests/cadastro.cy.js\"\n  },\n  {\n    \"title\": \"cypress-mochawesome-reporter-screenshots\",\n    \"value\": [\n      [\n        \"/cadastro.cy.js/Cenario de Teste  Testar a página de cadastro da aplicação MedVida -- Cenario de Teste Clicar no botão de cadastro e ir para a tela de cadastro (failed).png\"\n      ]\n    ]\n  }\n]",
              "code": "cy.visit('/cadastro');\ncy.get('#login').click();\ncy.url().should('contain', '/');",
              "err": {
                "message": "CypressError: `cy.visit()` failed trying to load:\n\n/cadastro\n\nThe response we received from your web server was:\n\n  > 404: Not Found\n\nThis was considered a failure because the status code was not `2xx`.\n\nIf you do not want status codes to cause failures pass the option: `failOnStatusCode: false`",
                "estack": "CypressError: `cy.visit()` failed trying to load:\n\n/cadastro\n\nThe response we received from your web server was:\n\n  > 404: Not Found\n\nThis was considered a failure because the status code was not `2xx`.\n\nIf you do not want status codes to cause failures pass the option: `failOnStatusCode: false`\n    at <unknown> (http://localhost:55616/__cypress/runner/cypress_runner.js:147661:84)\n    at visitFailedByErr (http://localhost:55616/__cypress/runner/cypress_runner.js:147069:12)\n    at <unknown> (http://localhost:55616/__cypress/runner/cypress_runner.js:147644:13)\n    at tryCatcher (http://localhost:55616/__cypress/runner/cypress_runner.js:18744:23)\n    at Promise._settlePromiseFromHandler (http://localhost:55616/__cypress/runner/cypress_runner.js:16679:31)\n    at Promise._settlePromise (http://localhost:55616/__cypress/runner/cypress_runner.js:16736:18)\n    at Promise._settlePromise0 (http://localhost:55616/__cypress/runner/cypress_runner.js:16781:10)\n    at Promise._settlePromises (http://localhost:55616/__cypress/runner/cypress_runner.js:16857:18)\n    at _drainQueueStep (http://localhost:55616/__cypress/runner/cypress_runner.js:13451:12)\n    at _drainQueue (http://localhost:55616/__cypress/runner/cypress_runner.js:13444:9)\n    at ../../node_modules/bluebird/js/release/async.js.Async._drainQueues (http://localhost:55616/__cypress/runner/cypress_runner.js:13460:5)\n    at Async.drainQueues (http://localhost:55616/__cypress/runner/cypress_runner.js:13330:14)\nFrom Your Spec Code:\n    at Context.eval (webpack:///./cypress/e2e/ui-tests/cadastro.cy.js:72:7)",
                "diff": null
              },
              "uuid": "2a9af3d1-daaf-4315-9d5c-500c587eef77",
              "parentUUID": "126fe01e-d852-4ebe-addf-572d9484f195",
              "isHook": false,
              "skipped": false
            },
            {
              "title": "Cenario de Teste: Clicar no botão de mais informações e ir para a tela de mais informações",
              "fullTitle": "Cenario de Teste:  Testar a página de cadastro da aplicação MedVida Cenario de Teste: Clicar no botão de mais informações e ir para a tela de mais informações",
              "timedOut": null,
              "duration": 360,
              "state": "failed",
              "speed": null,
              "pass": false,
              "fail": true,
              "pending": false,
              "context": "[\n  {\n    \"title\": \"cypress-mochawesome-reporter-videos-failed\",\n    \"value\": \"cypress/e2e/ui-tests/cadastro.cy.js\"\n  },\n  {\n    \"title\": \"cypress-mochawesome-reporter-screenshots\",\n    \"value\": [\n      [\n        \"/cadastro.cy.js/Cenario de Teste  Testar a página de cadastro da aplicação MedVida -- Cenario de Teste Clicar no botão de mais informações e ir para a tela de mais informações (failed).png\"\n      ]\n    ]\n  }\n]",
              "code": "cy.visit('/cadastro');\ncy.get('#mais-infos').click();\ncy.url().should('contain', '/mais-infos');",
              "err": {
                "message": "CypressError: `cy.visit()` failed trying to load:\n\n/cadastro\n\nThe response we received from your web server was:\n\n  > 404: Not Found\n\nThis was considered a failure because the status code was not `2xx`.\n\nIf you do not want status codes to cause failures pass the option: `failOnStatusCode: false`",
                "estack": "CypressError: `cy.visit()` failed trying to load:\n\n/cadastro\n\nThe response we received from your web server was:\n\n  > 404: Not Found\n\nThis was considered a failure because the status code was not `2xx`.\n\nIf you do not want status codes to cause failures pass the option: `failOnStatusCode: false`\n    at <unknown> (http://localhost:55616/__cypress/runner/cypress_runner.js:147661:84)\n    at visitFailedByErr (http://localhost:55616/__cypress/runner/cypress_runner.js:147069:12)\n    at <unknown> (http://localhost:55616/__cypress/runner/cypress_runner.js:147644:13)\n    at tryCatcher (http://localhost:55616/__cypress/runner/cypress_runner.js:18744:23)\n    at Promise._settlePromiseFromHandler (http://localhost:55616/__cypress/runner/cypress_runner.js:16679:31)\n    at Promise._settlePromise (http://localhost:55616/__cypress/runner/cypress_runner.js:16736:18)\n    at Promise._settlePromise0 (http://localhost:55616/__cypress/runner/cypress_runner.js:16781:10)\n    at Promise._settlePromises (http://localhost:55616/__cypress/runner/cypress_runner.js:16857:18)\n    at _drainQueueStep (http://localhost:55616/__cypress/runner/cypress_runner.js:13451:12)\n    at _drainQueue (http://localhost:55616/__cypress/runner/cypress_runner.js:13444:9)\n    at ../../node_modules/bluebird/js/release/async.js.Async._drainQueues (http://localhost:55616/__cypress/runner/cypress_runner.js:13460:5)\n    at Async.drainQueues (http://localhost:55616/__cypress/runner/cypress_runner.js:13330:14)\nFrom Your Spec Code:\n    at Context.eval (webpack:///./cypress/e2e/ui-tests/cadastro.cy.js:78:7)",
                "diff": null
              },
              "uuid": "965b6fef-33d0-408c-bfb6-823fffa94d12",
              "parentUUID": "126fe01e-d852-4ebe-addf-572d9484f195",
              "isHook": false,
              "skipped": false
            }
          ],
          "suites": [],
          "passes": [],
          "failures": [
            "aca2350e-b75e-4cae-be43-dbec4bd4ad51",
            "34c0b6d8-cca8-4c37-93a4-fbc1e9b68d61",
            "25e904df-ded7-4bfc-94c4-85f452a75508",
            "360541a5-fd2b-4090-9225-d35e70944bf6",
            "f5cb74f5-ae00-48d4-8576-b8c10f358346",
            "fcc5bea2-5a6c-4ce8-8241-435359650818",
            "2a9af3d1-daaf-4315-9d5c-500c587eef77",
            "965b6fef-33d0-408c-bfb6-823fffa94d12"
          ],
          "pending": [],
          "skipped": [],
          "duration": 4167,
          "root": false,
          "rootEmpty": false,
          "_timeout": 2000
        }
      ],
      "passes": [],
      "failures": [],
      "pending": [],
      "skipped": [],
      "duration": 0,
      "root": true,
      "rootEmpty": true,
      "_timeout": 2000
    }
  ],
  "meta": {
    "mocha": {
      "version": "7.0.1"
    },
    "mochawesome": {
      "options": {
        "quiet": false,
        "reportFilename": "mochawesome",
        "saveHtml": false,
        "saveJson": true,
        "consoleReporter": "spec",
        "useInlineDiffs": false,
        "code": true
      },
      "version": "7.1.3"
    },
    "marge": {
      "options": {
        "overwrite": false,
        "html": false,
        "json": true,
        "reportDir": "cypress/reports/html/.jsons"
      },
      "version": "6.2.0"
    }
  }
}